[debug] [2019-05-15T13:25:41.088Z] ----------------------------------------------------------------------
[debug] [2019-05-15T13:25:41.094Z] Command:       C:\Program Files\nodejs\node.exe C:\Users\IndyV\AppData\Roaming\npm\node_modules\firebase-tools\lib\bin\firebase.js deploy
[debug] [2019-05-15T13:25:41.094Z] CLI Version:   6.9.2
[debug] [2019-05-15T13:25:41.094Z] Platform:      win32
[debug] [2019-05-15T13:25:41.094Z] Node Version:  v10.14.1
[debug] [2019-05-15T13:25:41.096Z] Time:          Wed May 15 2019 15:25:41 GMT+0200 (GMT+02:00)
[debug] [2019-05-15T13:25:41.097Z] ----------------------------------------------------------------------
[debug] 
[debug] [2019-05-15T13:25:41.117Z] > command requires scopes: ["email","openid","https://www.googleapis.com/auth/cloudplatformprojects.readonly","https://www.googleapis.com/auth/firebase","https://www.googleapis.com/auth/cloud-platform"]
[debug] [2019-05-15T13:25:41.118Z] > authorizing via signed-in user
[debug] [2019-05-15T13:25:41.119Z] [iam] checking project ev-comparisons for permissions ["cloudfunctions.functions.create","cloudfunctions.functions.delete","cloudfunctions.functions.get","cloudfunctions.functions.list","cloudfunctions.functions.update","cloudfunctions.operations.get","firebase.projects.get","firebasedatabase.instances.update","firebasehosting.sites.update"]
[debug] [2019-05-15T13:25:41.123Z] >>> HTTP REQUEST POST https://cloudresourcemanager.googleapis.com/v1/projects/ev-comparisons:testIamPermissions  

[debug] [2019-05-15T13:25:41.995Z] <<< HTTP RESPONSE 200
[debug] [2019-05-15T13:25:41.999Z] >>> HTTP REQUEST GET https://firebase.googleapis.com/v1beta1/projects/ev-comparisons  
 
[debug] [2019-05-15T13:25:42.403Z] <<< HTTP RESPONSE 200
[debug] [2019-05-15T13:25:59.774Z] ----------------------------------------------------------------------
[debug] [2019-05-15T13:25:59.782Z] Command:       C:\Program Files\nodejs\node.exe C:\Users\IndyV\AppData\Roaming\npm\node_modules\firebase-tools\lib\bin\firebase.js deploy
[debug] [2019-05-15T13:25:59.782Z] CLI Version:   6.9.2
[debug] [2019-05-15T13:25:59.783Z] Platform:      win32
[debug] [2019-05-15T13:25:59.783Z] Node Version:  v10.14.1
[debug] [2019-05-15T13:25:59.785Z] Time:          Wed May 15 2019 15:25:59 GMT+0200 (GMT+02:00)
[debug] [2019-05-15T13:25:59.785Z] ----------------------------------------------------------------------
[debug] 
[debug] [2019-05-15T13:25:59.809Z] > command requires scopes: ["email","openid","https://www.googleapis.com/auth/cloudplatformprojects.readonly","https://www.googleapis.com/auth/firebase","https://www.googleapis.com/auth/cloud-platform"]
[debug] [2019-05-15T13:25:59.811Z] > authorizing via signed-in user
[debug] [2019-05-15T13:25:59.811Z] [iam] checking project ev-comparisons for permissions ["cloudfunctions.functions.create","cloudfunctions.functions.delete","cloudfunctions.functions.get","cloudfunctions.functions.list","cloudfunctions.functions.update","cloudfunctions.operations.get","firebase.projects.get","firebasedatabase.instances.update","firebasehosting.sites.update"]
[debug] [2019-05-15T13:25:59.816Z] >>> HTTP REQUEST POST https://cloudresourcemanager.googleapis.com/v1/projects/ev-comparisons:testIamPermissions  

[debug] [2019-05-15T13:26:00.729Z] <<< HTTP RESPONSE 200
[debug] [2019-05-15T13:26:00.732Z] >>> HTTP REQUEST GET https://firebase.googleapis.com/v1beta1/projects/ev-comparisons  
 
[debug] [2019-05-15T13:26:00.946Z] <<< HTTP RESPONSE 200
